*******************************************
* Generated by SIwave_CPA (Version: 2023 R2)        *
*                                         *
* * ?1986-2023 ANSYS, Inc. All rights reserved. Unauthorized use, distribution, or duplication is prohibited. This product is subject to U.S. laws governing export and re-export.  For full Legal Notice, see documentation.
*******************************************************************************
  Jobname: 0001_CPA_Sim_1                       
*******************************************************************************
  Simulation started on: Thu Aug  3 13:56:09 2023
*******************************************

  * Parsing Channel data
  * Parsing Parts and Components
 ******* List of Components in the simulation *******

    C97875-001_C3B9 :: C97875-001
    C97875-001_C3B11 :: C97875-001
    E16347-001_C2B12 :: E16347-001
    E16347-001_C3B17 :: E16347-001
    G43225-001_U3A1 :: G43225-001
    IPD031-201_U2A5 :: IPD031-201
    602433-081_C3B10 :: 602433-081
    A32422-019_L4B1 :: A32422-019
    C83410-012_C3L15 :: C83410-012
    C83410-012_C3L20 :: C83410-012
    C83410-012_C3L28 :: C83410-012
    A36096-108_C3L22 :: A36096-108
    C83410-012_C3L17 :: C83410-012
    602433-081_C2B2 :: 602433-081
    C83410-012_C3L18 :: C83410-012
    C83410-012_C3L24 :: C83410-012
    C83410-012_C3L29 :: C83410-012
    C83410-012_C3L26 :: C83410-012
 ******* EOF Components in the simulation *******


  Number of cores = 4

 Package EM extraction in progress ...
  * CPA-Q3D CG Extraction in progress
     CG solve Maximum adaptive passes = 4  Target percent error = 5.000

     Start CG solution in beixwang
     Adaptive pass = 1  Relative error = 1.000  Element count = 104311
     Adaptive pass = 2  Relative error = 0.020  Element count = 130602
     CG Adaptive passes converged
     CG Extraction memory usage: 839.57 MB.

  * CPA-Q3D RL Extraction in progress
     RL solve Maximum adaptive passes = 4  Target Percent error = 5.000

     Start RL solution in beixwang
     Adaptive pass = 1  Relative error = 1.000  Element count = 81140
     Adaptive pass = 2  Relative error = 0.010  Element count = 88164
     RL Adaptive passes converged
     RL Extraction memory usage: 1079.25 MB.

 * Model extraction finished.

  * Spice model export skipped due to insuffient network parameters.
  * Spice export requires either a pure DC network (Rdc/Ldc) or AC network (Rdc, Lac and CG) parameters
  * IBIS model generation skipped, as it requires Rdc, Lac and CG parameters. 

  * SPEF model generation is skipped, as it needed both Rdc and CG to be extracted!
 
   Simulation completed on: Thu Aug  3 13:59:03 2023

 Total time for simulation (DD:HH:MM:SS): 00:00:02:54

     Peak memory usage: 1079.25 MB.

